[debug] [2021-05-02T05:20:09.079Z] ----------------------------------------------------------------------
[debug] [2021-05-02T05:20:09.083Z] Command:       C:\Program Files\nodejs\node.exe C:\Users\anik\AppData\Roaming\npm\node_modules\firebase-tools\lib\bin\firebase.js init
[debug] [2021-05-02T05:20:09.083Z] CLI Version:   9.10.0
[debug] [2021-05-02T05:20:09.083Z] Platform:      win32
[debug] [2021-05-02T05:20:09.084Z] Node Version:  v14.15.3
[debug] [2021-05-02T05:20:09.085Z] Time:          Sun May 02 2021 11:20:09 GMT+0600 (Bangladesh Standard Time)
[debug] [2021-05-02T05:20:09.085Z] ----------------------------------------------------------------------
[debug] 
[debug] [2021-05-02T05:20:09.088Z] >>> [apiv2][query] GET https://firebase-public.firebaseio.com/cli.json [none]
[debug] [2021-05-02T05:20:09.116Z] > command requires scopes: ["email","openid","https://www.googleapis.com/auth/cloudplatformprojects.readonly","https://www.googleapis.com/auth/firebase","https://www.googleapis.com/auth/cloud-platform"]
[debug] [2021-05-02T05:20:09.116Z] > authorizing via signed-in user (anikm2283@gmail.com)
[info] 
     ######## #### ########  ######## ########     ###     ######  ########
     ##        ##  ##     ## ##       ##     ##  ##   ##  ##       ##
     ######    ##  ########  ######   ########  #########  ######  ######
     ##        ##  ##    ##  ##       ##     ## ##     ##       ## ##
     ##       #### ##     ## ######## ########  ##     ##  ######  ########

You're about to initialize a Firebase project in this directory:

  E:\my-portfolio\client\my-app

[debug] [2021-05-02T05:20:10.298Z] <<< [apiv2][status] GET https://firebase-public.firebaseio.com/cli.json 200
[debug] [2021-05-02T05:20:10.299Z] <<< [apiv2][body] GET https://firebase-public.firebaseio.com/cli.json {"cloudBuildErrorAfter":1594252800000,"cloudBuildWarnAfter":1590019200000,"defaultNode10After":1594252800000,"minVersion":"3.0.5","node8DeploysDisabledAfter":1613390400000,"node8RuntimeDisabledAfter":1615809600000,"node8WarnAfter":1600128000000}
[info] 
=== Project Setup
[info] 
[info] First, let's associate this project directory with a Firebase project.
[info] You can create multiple project aliases by running firebase use --add, 
[info] but for now we'll just set up a default project.
[info] 
[info] i  If you want to create a project in a Google Cloud organization or folder, please use "firebase projects:create" instead, and return to this command when you've created the project. 
